<?xml version="1.0" encoding="UTF-8"?>
<testng-results skipped="0" failed="0" ignored="0" total="1" passed="1">
  <reporter-output>
  </reporter-output>
  <suite name="Default suite" duration-ms="6804" started-at="2019-02-04T10:53:48Z" finished-at="2019-02-04T10:53:55Z">
    <groups>
    </groups>
    <test name="Default test" duration-ms="6804" started-at="2019-02-04T10:53:48Z" finished-at="2019-02-04T10:53:55Z">
      <class name="com.wikipedia.SearchWikipediaTest">
        <test-method status="PASS" signature="setUp()[pri:0, instance:com.wikipedia.SearchWikipediaTest@6f7fd0e6]" name="setUp" is-config="true" duration-ms="4581" started-at="2019-02-04T16:23:48Z" finished-at="2019-02-04T16:23:53Z">
          <reporter-output>
          </reporter-output>
        </test-method> <!-- setUp -->
        <test-method status="PASS" signature="SearchWikipedia()[pri:0, instance:com.wikipedia.SearchWikipediaTest@6f7fd0e6]" name="SearchWikipedia" duration-ms="1602" started-at="2019-02-04T16:23:53Z" finished-at="2019-02-04T16:23:54Z">
          <reporter-output>
          </reporter-output>
        </test-method> <!-- SearchWikipedia -->
        <test-method status="PASS" signature="tearDown()[pri:0, instance:com.wikipedia.SearchWikipediaTest@6f7fd0e6]" name="tearDown" is-config="true" duration-ms="609" started-at="2019-02-04T16:23:54Z" finished-at="2019-02-04T16:23:55Z">
          <reporter-output>
          </reporter-output>
        </test-method> <!-- tearDown -->
      </class> <!-- com.wikipedia.SearchWikipediaTest -->
    </test> <!-- Default test -->
  </suite> <!-- Default suite -->
</testng-results>
